<?xml version="1.0" encoding="UTF-8"?>
<testng-results ignored="0" total="1" passed="1" failed="0" skipped="0">
  <reporter-output>
  </reporter-output>
  <suite started-at="2019-04-03T05:16:41Z" name="Default suite" finished-at="2019-04-03T05:18:15Z" duration-ms="94019">
    <groups>
    </groups>
    <test started-at="2019-04-03T05:16:41Z" name="Default test" finished-at="2019-04-03T05:18:15Z" duration-ms="94019">
      <class name="ADMINQUALIFICATION.EducationAdd">
        <test-method is-config="true" signature="suiteSetup1()[pri:0, instance:ADMINQUALIFICATION.EducationAdd@71e9ddb4]" started-at="2019-04-03T05:16:41Z" name="suiteSetup1" finished-at="2019-04-03T05:16:42Z" duration-ms="1153" status="PASS">
          <reporter-output>
          </reporter-output>
        </test-method> <!-- suiteSetup1 -->
        <test-method signature="Data_driven_test()[pri:0, instance:ADMINQUALIFICATION.EducationAdd@71e9ddb4]" started-at="2019-04-03T05:16:42Z" name="Data_driven_test" finished-at="2019-04-03T05:18:15Z" duration-ms="92060" status="PASS">
          <reporter-output>
          </reporter-output>
        </test-method> <!-- Data_driven_test -->
        <test-method is-config="true" signature="AftersuiteSetup2()[pri:0, instance:ADMINQUALIFICATION.EducationAdd@71e9ddb4]" started-at="2019-04-03T05:18:15Z" name="AftersuiteSetup2" finished-at="2019-04-03T05:18:15Z" duration-ms="749" status="PASS">
          <reporter-output>
          </reporter-output>
        </test-method> <!-- AftersuiteSetup2 -->
      </class> <!-- ADMINQUALIFICATION.EducationAdd -->
    </test> <!-- Default test -->
  </suite> <!-- Default suite -->
</testng-results>
